<?xml version="1.0" encoding="utf-8"?><testsuites name="pytest tests"><testsuite name="pytest" errors="0" failures="0" skipped="0" tests="23" time="3.704" timestamp="2026-08-15T15:37:07.876396+00:00" hostname="agent-env-462fd307-c773-4d8e-bd48-d9f7bb2b3996"><testcase classname="tests.test_lifedesk_api.TestHealthAndSeed" name="test_root" time="0.576" /><testcase classname="tests.test_lifedesk_api.TestHealthAndSeed" name="test_seed_force" time="0.065" /><testcase classname="tests.test_lifedesk_api.TestHealthAndSeed" name="test_seed_counts" time="0.264" /><testcase classname="tests.test_lifedesk_api.TestDashboard" name="test_dashboard_shape" time="0.047" /><testcase classname="tests.test_lifedesk_api.TestListings" name="test_categories" time="0.043" /><testcase classname="tests.test_lifedesk_api.TestListings" name="test_transactions_filters" time="0.106" /><testcase classname="tests.test_lifedesk_api.TestListings" name="test_budgets" time="0.051" /><testcase classname="tests.test_lifedesk_api.TestListings" name="test_notes" time="0.076" /><testcase classname="tests.test_lifedesk_api.TestTransactionLifecycle" name="test_expense_updates_balance_and_persists" time="0.411" /><testcase classname="tests.test_lifedesk_api.TestTransactionLifecycle" name="test_transfer_does_not_affect_income_expense" time="0.218" /><testcase classname="tests.test_lifedesk_api.TestDebtPayment" name="test_debt_payment_records_and_updates" time="0.206" /><testcase classname="tests.test_lifedesk_api.TestSavingsDeposit" name="test_savings_deposit_increments" time="0.262" /><testcase classname="tests.test_lifedesk_api.TestBills" name="test_mark_paid" time="0.185" /><testcase classname="tests.test_lifedesk_api.TestBudgetCopy" name="test_copy_budgets" time="0.035" /><testcase classname="tests.test_lifedesk_api.TestReports" name="test_net_worth" time="0.077" /><testcase classname="tests.test_lifedesk_api.TestSearch" name="test_search_returns_buckets" time="0.043" /><testcase classname="tests.test_lifedesk_api.TestAdjustment" name="test_positive_adjustment_increases_balance" time="0.265" /><testcase classname="tests.test_lifedesk_api.TestAdjustment" name="test_negative_adjustment_decreases_balance" time="0.161" /><testcase classname="tests.test_lifedesk_api.TestAdjustment" name="test_adjustment_not_in_income_or_expense" time="0.207" /><testcase classname="tests.test_lifedesk_api.TestChart6M" name="test_chart_6m_consecutive_calendar_months" time="0.034" /><testcase classname="tests.test_lifedesk_api.TestChart6M" name="test_chart_6m_totals_match_transactions" time="0.068" /><testcase classname="tests.test_lifedesk_api.TestReset" name="test_reset_invalid_confirm" time="0.032" /><testcase classname="tests.test_lifedesk_api.TestReset" name="test_reset_valid_and_reseed" time="0.212" /></testsuite></testsuites>