<?xml version="1.0" encoding="utf-8"?><testsuites name="pytest tests"><testsuite name="pytest" errors="0" failures="0" skipped="0" tests="18" time="3.282" timestamp="2026-08-15T15:11:31.866345+00:00" hostname="agent-env-462fd307-c773-4d8e-bd48-d9f7bb2b3996"><testcase classname="tests.test_lifedesk_api.TestHealthAndSeed" name="test_root" time="0.573" /><testcase classname="tests.test_lifedesk_api.TestHealthAndSeed" name="test_seed_force" time="0.291" /><testcase classname="tests.test_lifedesk_api.TestHealthAndSeed" name="test_seed_counts" time="0.202" /><testcase classname="tests.test_lifedesk_api.TestDashboard" name="test_dashboard_shape" time="0.045" /><testcase classname="tests.test_lifedesk_api.TestListings" name="test_categories" time="0.035" /><testcase classname="tests.test_lifedesk_api.TestListings" name="test_transactions_filters" time="0.114" /><testcase classname="tests.test_lifedesk_api.TestListings" name="test_budgets" time="0.078" /><testcase classname="tests.test_lifedesk_api.TestListings" name="test_notes" time="0.052" /><testcase classname="tests.test_lifedesk_api.TestTransactionLifecycle" name="test_expense_updates_balance_and_persists" time="0.355" /><testcase classname="tests.test_lifedesk_api.TestTransactionLifecycle" name="test_transfer_does_not_affect_income_expense" time="0.345" /><testcase classname="tests.test_lifedesk_api.TestDebtPayment" name="test_debt_payment_records_and_updates" time="0.218" /><testcase classname="tests.test_lifedesk_api.TestSavingsDeposit" name="test_savings_deposit_increments" time="0.218" /><testcase classname="tests.test_lifedesk_api.TestBills" name="test_mark_paid" time="0.186" /><testcase classname="tests.test_lifedesk_api.TestBudgetCopy" name="test_copy_budgets" time="0.079" /><testcase classname="tests.test_lifedesk_api.TestReports" name="test_net_worth" time="0.182" /><testcase classname="tests.test_lifedesk_api.TestSearch" name="test_search_returns_buckets" time="0.043" /><testcase classname="tests.test_lifedesk_api.TestReset" name="test_reset_invalid_confirm" time="0.039" /><testcase classname="tests.test_lifedesk_api.TestReset" name="test_reset_valid_and_reseed" time="0.178" /></testsuite></testsuites>